2025-01-09 21:35:15.543 [info] [main] Log level: Info
2025-01-09 21:35:15.543 [info] [main] Validating found git in: "git"
2025-01-09 21:35:15.543 [info] [main] Using git "2.43.0" from "git"
2025-01-09 21:35:15.543 [info] [Model][doInitialScan] Initial repository scan started
2025-01-09 21:35:15.543 [info] [Model][doInitialScan] Initial repository scan completed - repositories (0), closed repositories (0), parent repositories (0), unsafe repositories (0)
2025-01-09 21:41:01.838 [info] > git rev-parse --show-toplevel [50ms]
2025-01-10 16:39:26.053 [info] > git rev-parse --show-toplevel [3ms]
2025-01-10 16:40:20.558 [info] > git rev-parse --show-toplevel [2ms]
2025-01-10 17:08:12.617 [info] > git rev-parse --show-toplevel [222ms]
2025-01-10 17:11:14.019 [info] > git rev-parse --show-toplevel [23ms]
2025-01-10 17:11:47.355 [info] > git rev-parse --show-toplevel [2ms]
2025-01-10 17:13:12.634 [info] > git rev-parse --show-toplevel [8ms]
2025-01-10 17:14:00.111 [info] > git rev-parse --show-toplevel [2ms]
2025-01-10 17:14:09.495 [info] > git rev-parse --show-toplevel [5ms]
2025-01-10 17:14:20.889 [info] > git rev-parse --show-toplevel [2ms]
2025-01-10 17:15:46.272 [info] > git rev-parse --show-toplevel [2ms]
2025-01-10 17:16:56.431 [info] > git rev-parse --show-toplevel [2ms]
2025-01-10 17:17:05.545 [info] > git rev-parse --show-toplevel [2ms]
2025-01-10 17:17:50.523 [info] > git rev-parse --show-toplevel [3ms]
2025-01-10 17:18:09.296 [info] > git rev-parse --show-toplevel [3ms]
2025-01-10 17:18:14.361 [info] > git rev-parse --show-toplevel [2ms]
